http://pwhtte.top:8080/get.php?username=1&password=1&type=m3u_plus&output=m3u8
http://pwhtte.top:8080/get.php?username=7181716047440164&password=db91064d5fc9&type=m3u_plus
http://pwhtte.top:8080/get.php?username=7181716047440164&password=db91064d5fc9&type=m3u_plus&output=m3u8
http://pwhtte.top:8080/get.php?username=711677580752328071&password=e72341099e68&type=m3u_plus
http://pwhtte.top:8080/get.php?username=711677580752328071&password=e72341099e68&type=m3u_plus&output=m3u8
http://pwhtte.top:8080/xmltv.php?username=711677580752328071&password=e72341099e68
http://pwhtte.top:8080/get.php?username=9501744770967713&password=4c2890021cd0&type=m3u_plus
http://pwhtte.top:8080/get.php?username=9501744770967713&password=4c2890021cd0&type=m3u_plus&output=m3u8
http://pwhtte.top:8080/get.php?username=2721743776616704&password=1445a247edee&type=m3u_plus
http://pwhtte.top:8080/get.php?username=2721743776616704&password=1445a247edee&type=m3u_plus&output=m3u8
http://pwhtte.top:8080/get.php?username=1021746389362742&password=c815eafe9d8e&type=m3u_plus
http://pwhtte.top:8080/get.php?username=1021746389362742&password=c815eafe9d8e&type=m3u_plus&output=m3u8
http://pwhtte.top:8080/get.php?username=481727410780182&password=b731397f6c76&type=m3u_plus
http://pwhtte.top:8080/get.php?username=481727410780182&password=b731397f6c76&type=m3u_plus&output=m3u8
http://pwhtte.top:8080/get.php?username=561668337780183045&password=11700148521020&type=m3u_plus
http://pwhtte.top:8080/get.php?username=561668337780183045&password=11700148521020&type=m3u_plus&output=m3u8
http://pwhtte.top:8080/get.php?username=1961724085830175&password=a253a9e5eac1&type=m3u_plus
http://pwhtte.top:8080/get.php?username=1961724085830175&password=a253a9e5eac1&type=m3u_plus&output=m3u8
http://pwhtte.top:8080/get.php?username=9591725098094178&password=a46ce55d10cb&type=m3u_plus
http://pwhtte.top:8080/get.php?username=9591725098094178&password=a46ce55d10cb&type=m3u_plus&output=m3u8
http://pwhtte.top:8080/get.php?username=2671746633110747&password=e3a221e5e3fc&type=m3u_plus
http://pwhtte.top:8080/get.php?username=2671746633110747&password=e3a221e5e3fc&type=m3u_plus&output=m3u8
http://pwhtte.top:8080/get.php?username=851699883936001&password=21699883936744&type=m3u_plus
http://pwhtte.top:8080/get.php?username=851699883936001&password=21699883936744&type=m3u_plus&output=m3u8
http://pwhtte.top:8080/get.php?username=Rnieto&password=00000000&type=m3u_plus&output=m3u8
http://pwhtte.top:8080/get.php?username=751679265750406074&password=41699813787591&type=m3u_plus
http://pwhtte.top:8080/get.php?username=751679265750406074&password=41699813787591&type=m3u_plus&output=m3u8
http://pwhtte.top:8080/get.php?username=621709989088003&password=42c1cb38cf85&type=m3u_plus
http://pwhtte.top:8080/get.php?username=621709989088003&password=42c1cb38cf85&type=m3u_plus&output=m3u8
http://pwhtte.top:8080/get.php?username=9561662685687212&password=71693068530&type=m3u_plus
http://pwhtte.top:8080/get.php?username=9561662685687212&password=71693068530&type=m3u_plus&output=m3u8
http://pwhtte.top:8080/get.php?username=8541747291893760&password=0e62b6b4417a&type=m3u_plus
http://pwhtte.top:8080/get.php?username=8541747291893760&password=0e62b6b4417a&type=m3u_plus&output=m3u8
http://pwhtte.top:8080/get.php?username=351683296128086&password=31700880242750&type=m3u_plus
http://pwhtte.top:8080/get.php?username=351683296128086&password=31700880242750&type=m3u_plus&output=m3u8
http://pwhtte.top:8080/get.php?username=27172979093034&password=41737393581292&type=m3u_plus
http://pwhtte.top:8080/get.php?username=27172979093034&password=41737393581292&type=m3u_plus&output=m3u8
http://pwhtte.top:8080/get.php?username=1501725213818178&password=54853a9cf872&type=m3u_plus
http://pwhtte.top:8080/get.php?username=1501725213818178&password=54853a9cf872&type=m3u_plus&output=m3u8
http://pwhtte.top:8080/xmltv.php?username=1501725213818178&password=54853a9cf872
http://pwhtte.top:8080/get.php?username=4851745604609728&password=0d1d3a679736&type=m3u_plus
http://pwhtte.top:8080/get.php?username=4851745604609728&password=0d1d3a679736&type=m3u_plus&output=m3u8
http://tv.diablotv.net:8080/get.php?username=alexruizpumas&password=EBVgmT6eN5&type=m3u_plus
http://tv.diablotv.net:8080/get.php?username=Blackbox001&password=eafPxt4Gkx&type=m3u_plus
http://tv.diablotv.net:8080/get.php?username=AntorchaCamElago123sf34&password=YUp3wVLWxE&type=m3u_plus
http://tv.diablotv.net:8080/get.php?username=marceloan12&password=fUUKxzz9rJ&type=m3u_plus
http://tv.diablotv.net:8080/get.php?username=maelejalde02&password=vQXTtzt7gD&type=m3u_plus
http://tv.diablotv.net:8080/get.php?username=penagosluz1&password=reNM2jcGvt&type=m3u_plus
http://tv.diablotv.net:8080/get.php?username=CIEGO24&password=5881581fe0e8&type=m3u_plus
http://tv.diablotv.net:8080/get.php?username=sebastianbtt2026YU&password=5NnVw3E9nY&type=m3u_plus
http://tv.diablotv.net:8080/get.php?username=mariliscastro&password=smFKJNkZFT&type=m3u_plus
http://tv.diablotv.net:8080/get.php?username=ceci77arias&password=a7Bbhf43jA&type=m3u_plus
http://tv.diablotv.net:8080/get.php?username=famiga1&password=UE5tvMvvmj&type=m3u_plus
http://tv.diablotv.net:8080/get.php?username=zA68WQVVQr&password=6uVtknCmHG&type=m3u_plus
http://tv.diablotv.net:8080/get.php?username=Teoriadelcaos334&password=G5vc8CDkXQ&type=m3u_plus
http://tv.diablotv.net:8080/get.php?username=alexacasbe1&password=znDmgRE72x&type=m3u_plus
http://tv.diablotv.net:8080/get.php?username=Henry26&password=atwEgnaaWU&type=m3u_plus
http://tv.diablotv.net:8080/get.php?username=yaniel8372&password=8U3g5xdJKS&type=m3u_plus
http://tv.diablotv.net:8080/get.php?username=catanoclaudia1&password=pgtF9mQGcA&type=m3u_plus
http://tv.diablotv.net:8080/get.php?username=OsmelViera25&password=tjZqHZH8dt&type=m3u_plus
http://tv.diablotv.net:8080/get.php?username=arellanopaola&password=CYB2Afrj2A&type=m3u_plus
http://tv.diablotv.net:8080/get.php?username=GLL2863839&password=d47864b3d1d1&type=m3u_plus
http://tv.diablotv.net:8080/get.php?username=NorbertoCar2206&password=e1fe4512fa04&type=m3u_plus
http://tv.diablotv.net:8080/get.php?username=thibaunt22&password=ed4cc2d726be&type=m3u_plus
http://tv.diablotv.net:8080/get.php?username=ronald001&password=JgC9FGpbzt&type=m3u_plus
http://tv.diablotv.net:8080/get.php?username=Zpr6HbaAjh&password=Dr85YnsX2F&type=m3u_plus
http://tv.diablotv.net:8080/get.php?username=qbanote311&password=BgQVk1mnNU&type=m3u_plus
http://tv.diablotv.net:8080/get.php?username=hurtadoandres1&password=sAPSFY2Fpk&type=m3u_plus
http://tv.diablotv.net:8080/get.php?username=aburgos21&password=20e3e78b7f9e&type=m3u_plus
http://tv.diablotv.net:8080/get.php?username=cesarlopez1&password=bvNstZvqSp&type=m3u_plus
http://tv.diablotv.net:8080/get.php?username=Lore2026&password=W5CVEFtwPm&type=m3u_plus
http://tv.diablotv.net:8080/get.php?username=alonsolozanos&password=4c7ed0dd8b4b&type=m3u_plus
http://tv.diablotv.net:8080/get.php?username=cali1523&password=NGchPMZwHX&type=m3u_plus
http://tv.diablotv.net:8080/get.php?username=azprox745&password=zYeybAs7EP&type=m3u_plus
http://tv.diablotv.net:8080/get.php?username=Sebas2026&password=zCSMQrmMEb&type=m3u_plus
http://tv.diablotv.net:8080/get.php?username=BayronDCH&password=c5f78f8e4b62&type=m3u_plus
http://tv.diablotv.net:8080/get.php?username=rog37iocu4&password=a61391378dd2&type=m3u_plus
http://tv.diablotv.net:8080/get.php?username=caminaandre1&password=c1af7209a2b4&type=m3u_plus
http://tv.diablotv.net:8080/get.php?username=Zunyurien54&password=svGn3BSHb9&type=m3u_plus
http://tv.diablotv.net:8080/get.php?username=dubanrojas&password=2082959ee19d&type=m3u_plus
http://tv.diablotv.net:8080/get.php?username=erikaravina06&password=5382c816d4a2&type=m3u_plus
http://tv.diablotv.net:8080/get.php?username=mrllobissimo1&password=fe4258e030d3&type=m3u_plus
http://tv.diablotv.net:8080/get.php?username=Antony&password=e56ee45c861a&type=m3u_plus
http://tv.diablotv.net:8080/get.php?username=juarezewok&password=guerrero59&type=m3u_plus
http://tv.diablotv.net:8080/get.php?username=Delgado90221&password=be43e3d3322e&type=m3u_plus
http://tv.diablotv.net:8080/get.php?username=martreyes1&password=T12sv7cbjI&type=m3u_plus
http://tv.diablotv.net:8080/get.php?username=Sina5501&password=70e6601f0f55&type=m3u_plus
http://starlatino.tv:8880/get.php?username=perlomun&password=f9eKNb4PQ4py&type=m3u_plus
http://starlatino.tv:8880/get.php?username=HL7E9qP8Y3QN&password=7GJLRjZnjck8&type=m3u_plus
http://starlatino.tv:8880/get.php?username=carro11&password=cgqgveKUBRqL&type=m3u_plus
http://starlatino.tv:8880/get.php?username=Jrcope1%40&password=8J2mC6UNq69E&type=m3u_plus
http://starlatino.tv:8880/get.php?username=treintadias02&password=NWUFj8GbYZHM&type=m3u_plus
http://starlatino.tv:8880/get.php?username=678ggter45ca&password=yAR8nG3KXz3y&type=m3u_plus
http://starlatino.tv:8880/get.php?username=Sheylla234&password=mxn7kPgtdKnK&type=m3u_plus
http://starlatino.tv:8880/get.php?username=klever1512&password=jegXn3sKcxD3&type=m3u_plus
